<?xml version="1.0" encoding="UTF-8"?>
<testng-results skipped="0" failed="0" ignored="0" total="1" passed="1">
  <reporter-output>
  </reporter-output>
  <suite name="Default suite" duration-ms="5927" started-at="2021-04-02T09:30:10 PDT" finished-at="2021-04-02T09:30:16 PDT">
    <groups>
    </groups>
    <test name="Default test" duration-ms="5927" started-at="2021-04-02T09:30:10 PDT" finished-at="2021-04-02T09:30:16 PDT">
      <class name="projectXL.TestWithExcel">
        <test-method status="PASS" signature="initStep()[pri:0, instance:projectXL.TestWithExcel@3fd7a715]" name="initStep" is-config="true" duration-ms="1775" started-at="2021-04-02T09:30:10 PDT" finished-at="2021-04-02T09:30:12 PDT">
          <reporter-output>
          </reporter-output>
        </test-method> <!-- initStep -->
        <test-method status="PASS" signature="launchBrowser()[pri:0, instance:projectXL.TestWithExcel@3fd7a715]" name="launchBrowser" is-config="true" duration-ms="2544" started-at="2021-04-02T09:30:12 PDT" finished-at="2021-04-02T09:30:14 PDT">
          <reporter-output>
          </reporter-output>
        </test-method> <!-- launchBrowser -->
        <test-method status="PASS" signature="inputData()[pri:0, instance:projectXL.TestWithExcel@3fd7a715]" name="inputData" duration-ms="951" started-at="2021-04-02T09:30:14 PDT" finished-at="2021-04-02T09:30:15 PDT">
          <reporter-output>
          </reporter-output>
        </test-method> <!-- inputData -->
        <test-method status="PASS" signature="afterClass()[pri:0, instance:projectXL.TestWithExcel@3fd7a715]" name="afterClass" is-config="true" duration-ms="619" started-at="2021-04-02T09:30:15 PDT" finished-at="2021-04-02T09:30:16 PDT">
          <reporter-output>
          </reporter-output>
        </test-method> <!-- afterClass -->
      </class> <!-- projectXL.TestWithExcel -->
    </test> <!-- Default test -->
  </suite> <!-- Default suite -->
</testng-results>
